Using pre-set license
Built from '2020.2/release' branch; Version is '2020.2.2f1 (068178b99f32) revision 426360'; Using compiler version '192528614'; Build Type 'Release'
OS: 'Windows 10 Home; OS build 19043.1202; Version 2009; 64bit' Language: 'en' Physical Memory: 16261 MB
BatchMode: 1, IsHumanControllingUs: 0, StartBugReporterOnCrash: 0, Is64bit: 1, IsPro: 0

 COMMAND LINE ARGUMENTS:
C:\Program Files\Unity\Hub\Editor\2020.2.2f1\Editor\Unity.exe
-adb2
-batchMode
-noUpm
-name
AssetImportWorker0
-projectPath
C:/Users/sl33p/OneDrive/Desktop/TAFE/Cert IV/Programming/Clicker Sem 2
-logFile
Logs/AssetImportWorker0.log
-srvPort
57115
Successfully changed project path to: C:/Users/sl33p/OneDrive/Desktop/TAFE/Cert IV/Programming/Clicker Sem 2
C:/Users/sl33p/OneDrive/Desktop/TAFE/Cert IV/Programming/Clicker Sem 2
Using Asset Import Pipeline V2.
Refreshing native plugins compatible for Editor in 34.73 ms, found 1 plugins.
Preloading 0 native plugins for Editor in 0.00 ms.
Initialize engine version: 2020.2.2f1 (068178b99f32)
[Subsystems] Discovering subsystems at path C:/Program Files/Unity/Hub/Editor/2020.2.2f1/Editor/Data/Resources/UnitySubsystems
[Subsystems] Discovering subsystems at path C:/Users/sl33p/OneDrive/Desktop/TAFE/Cert IV/Programming/Clicker Sem 2/Assets
GfxDevice: creating device client; threaded=0
Direct3D:
    Version:  Direct3D 11.0 [level 11.1]
    Renderer: NVIDIA GeForce RTX 2070 with Max-Q Design (ID=0x1f50)
    Vendor:   
    VRAM:     8031 MB
    Driver:   30.0.14.7168
Initialize mono
Mono path[0] = 'C:/Program Files/Unity/Hub/Editor/2020.2.2f1/Editor/Data/Managed'
Mono path[1] = 'C:/Program Files/Unity/Hub/Editor/2020.2.2f1/Editor/Data/MonoBleedingEdge/lib/mono/unityjit'
Mono config path = 'C:/Program Files/Unity/Hub/Editor/2020.2.2f1/Editor/Data/MonoBleedingEdge/etc'
Using monoOptions --debugger-agent=transport=dt_socket,embedding=1,server=y,suspend=n,address=127.0.0.1:56088
Begin MonoManager ReloadAssembly
Registering precompiled unity dll's ...
Register platform support module: C:/Program Files/Unity/Hub/Editor/2020.2.2f1/Editor/Data/PlaybackEngines/MacStandaloneSupport/UnityEditor.OSXStandalone.Extensions.dll
Register platform support module: C:/Program Files/Unity/Hub/Editor/2020.2.2f1/Editor/Data/PlaybackEngines/WindowsStandaloneSupport/UnityEditor.WindowsStandalone.Extensions.dll
Registered in 0.002905 seconds.
Native extension for WindowsStandalone target not found
Native extension for OSXStandalone target not found
Refreshing native plugins compatible for Editor in 33.40 ms, found 1 plugins.
Preloading 0 native plugins for Editor in 0.00 ms.
Invoked RoslynAnalysisRunner static constructor.
RoslynAnalysisRunner will not be running.
RoslynAnalysisRunner has terminated.
Mono: successfully reloaded assembly
- Completed reload, in  1.168 seconds
Platform modules already initialized, skipping
Registering precompiled user dll's ...
Registered in 0.001133 seconds.
Begin MonoManager ReloadAssembly
Native extension for WindowsStandalone target not found
Native extension for OSXStandalone target not found
Refreshing native plugins compatible for Editor in 32.31 ms, found 1 plugins.
Preloading 0 native plugins for Editor in 0.00 ms.
Invoked RoslynAnalysisRunner static constructor.
RoslynAnalysisRunner will not be running.
RoslynAnalysisRunner has terminated.
Mono: successfully reloaded assembly
- Completed reload, in  0.889 seconds
Platform modules already initialized, skipping
========================================================================
Worker process is ready to serve import requests
Launched and connected shader compiler UnityShaderCompiler.exe after 0.04 seconds
Refreshing native plugins compatible for Editor in 0.30 ms, found 1 plugins.
Preloading 0 native plugins for Editor in 0.00 ms.
Unloading 1794 Unused Serialized files (Serialized files now loaded: 0)
System memory in use before: 84.3 MB.
System memory in use after: 84.2 MB.

Unloading 24 unused Assets to reduce memory usage. Loaded Objects now: 2236.
Total: 2.299400 ms (FindLiveObjects: 0.454500 ms CreateObjectMapping: 0.097200 ms MarkObjects: 1.638200 ms  DeleteObjects: 0.107800 ms)

========================================================================
Received Import Request.
  path: Assets/Scripts/BuildingButtons.cs
  artifactKey: Guid(9f78125c550a4b24fb34f3ed01a5303c) Importer(815301076,1909f56bfc062723c751e8b465ee728b)
Start importing Assets/Scripts/BuildingButtons.cs using Guid(9f78125c550a4b24fb34f3ed01a5303c) Importer(815301076,1909f56bfc062723c751e8b465ee728b)  -> (artifact id: 'eba08f7f6fe5832f6fa7ab32a4d19d90') in 0.026693 seconds
  Import took 0.032070 seconds .

========================================================================
Received Import Request.
  Time since last request: 166.467855 seconds.
  path: Assets/Scripts/BuildingButtons.cs
  artifactKey: Guid(9f78125c550a4b24fb34f3ed01a5303c) Importer(815301076,1909f56bfc062723c751e8b465ee728b)
Start importing Assets/Scripts/BuildingButtons.cs using Guid(9f78125c550a4b24fb34f3ed01a5303c) Importer(815301076,1909f56bfc062723c751e8b465ee728b)  -> (artifact id: '033121c4bcf3d7a855eb4866d4841a34') in 0.003001 seconds
  Import took 0.008398 seconds .

========================================================================
Received Import Request.
  Time since last request: 0.081827 seconds.
  path: Assets/Scripts/BuildingButtons.cs
  artifactKey: Guid(9f78125c550a4b24fb34f3ed01a5303c) Importer(815301076,1909f56bfc062723c751e8b465ee728b)
Start importing Assets/Scripts/BuildingButtons.cs using Guid(9f78125c550a4b24fb34f3ed01a5303c) Importer(815301076,1909f56bfc062723c751e8b465ee728b)  -> (artifact id: '033121c4bcf3d7a855eb4866d4841a34') in 0.003092 seconds
  Import took 0.009616 seconds .

AssetImportWorkerClient::OnTransportError - code=2 error=End of file
